TN:
SF:src/Position.sol
FN:29,Position.short
FN:49,Position.close
FNDA:7680,Position.short
FNDA:0,Position.close
FNF:2
FNH:1
DA:31,7680
DA:34,7680
DA:37,7680
DA:40,7680
DA:50,0
DA:53,0
DA:54,0
DA:55,0
DA:56,0
DA:58,0
DA:62,0
DA:65,0
DA:68,0
DA:69,0
DA:70,0
LF:15
LH:4
end_of_record
TN:
SF:src/PositionFactory.sol
FN:25,PositionFactory.createAccount
FNDA:224,PositionFactory.createAccount
FNF:1
FNH:1
DA:26,224
DA:28,160
DA:30,160
LF:3
LH:3
end_of_record
TN:
SF:src/services/DebtService.sol
FN:44,DebtService._borrow
FN:64,DebtService._repay
FN:73,DebtService._withdraw
FN:85,DebtService._getMaxWithdrawAmt
FN:97,DebtService._getDebtAmt
FNDA:10752,DebtService._borrow
FNDA:0,DebtService._repay
FNDA:0,DebtService._withdraw
FNDA:0,DebtService._getMaxWithdrawAmt
FNDA:0,DebtService._getDebtAmt
FNF:5
FNH:1
DA:46,10752
DA:47,10752
DA:50,10752
DA:51,10752
DA:54,10752
DA:57,10752
DA:65,0
DA:66,0
DA:74,0
DA:86,0
DA:88,0
DA:90,0
DA:98,0
DA:99,0
LF:14
LH:6
end_of_record
TN:
SF:src/services/SwapService.sol
FN:24,SwapService._swapExactInput
FN:58,SwapService._swapExactOutput
FNDA:7690,SwapService._swapExactInput
FNDA:0,SwapService._swapExactOutput
FNF:2
FNH:1
DA:31,7690
DA:33,7690
DA:44,7690
DA:45,7690
DA:65,0
DA:67,0
DA:78,0
DA:79,0
LF:8
LH:4
end_of_record
